  Breakout.cpp
C:\Users\Leki\Desktop\Breakout\Breakout\Breakout\Breakout.cpp(80,47): warning C4244: 'argument': conversion from 'double' to 'size_t', possible loss of data
C:\Users\Leki\Desktop\Breakout\Breakout\Breakout\Breakout.cpp(83,33): warning C4129: '.': unrecognized character escape sequence
C:\Users\Leki\Desktop\Breakout\Breakout\Breakout\Breakout.cpp(85,61): warning C4129: '.': unrecognized character escape sequence
C:\Users\Leki\Desktop\Breakout\Breakout\Breakout\Breakout.cpp(179,61): warning C4129: '.': unrecognized character escape sequence
C:\Users\Leki\Desktop\Breakout\Breakout\Breakout\Breakout.cpp(208,36): warning C4244: '+=': conversion from 'double' to 'int', possible loss of data
C:\Users\Leki\Desktop\Breakout\Breakout\Breakout\Breakout.cpp(209,36): warning C4244: '+=': conversion from 'double' to 'int', possible loss of data
C:\Users\Leki\Desktop\Breakout\Breakout\Breakout\Breakout.cpp(226,65): warning C4129: '.': unrecognized character escape sequence
C:\Users\Leki\Desktop\Breakout\Breakout\Breakout\Breakout.cpp(294,52): warning C4129: '.': unrecognized character escape sequence
C:\Users\Leki\Desktop\Breakout\Breakout\Breakout\Breakout.cpp(298,40): warning C4129: '.': unrecognized character escape sequence
C:\Users\Leki\Desktop\Breakout\Breakout\Breakout\Breakout.cpp(331,48): warning C4129: '.': unrecognized character escape sequence
  BrickType.cpp
  Level.cpp
C:\Users\Leki\Desktop\Breakout\Breakout\Breakout\Level.cpp(54,103): warning C4018: '<': signed/unsigned mismatch
  HandleGraphics.cpp
C:\Users\Leki\Desktop\Breakout\Breakout\Breakout\HandleGraphics.cpp(38,28): warning C4244: '*=': conversion from 'double' to 'int', possible loss of data
C:\Users\Leki\Desktop\Breakout\Breakout\Breakout\HandleGraphics.cpp(39,54): warning C4244: '=': conversion from 'double' to 'int', possible loss of data
C:\Users\Leki\Desktop\Breakout\Breakout\Breakout\HandleGraphics.cpp(100,97): warning C4244: '=': conversion from 'double' to 'int', possible loss of data
C:\Users\Leki\Desktop\Breakout\Breakout\Breakout\HandleGraphics.cpp(135,15): warning C4244: 'initializing': conversion from 'int' to 'float', possible loss of data
  Generating code
  Previous IPDB not found, fall back to full compilation.
C:\Users\Leki\Desktop\Breakout\Breakout\Breakout\HandleGraphics.cpp(327): warning C4715: 'ReadInput': not all control paths return a value
  All 254 functions were compiled because no usable IPDB/IOBJ from previous compilation was found.
  Finished generating code
  Breakout.vcxproj -> C:\Users\Leki\Desktop\Breakout\Breakout\Release\Breakout.exe
